Flow report for lab3_g29_p2_c
Tue May 14 15:38:15 2024
Quartus Prime Version 20.1.1 Build 720 11/11/2020 SJ Lite Edition


---------------------
; Table of Contents ;
---------------------
  1. Legal Notice
  2. Flow Summary
  3. Flow Settings
  4. Flow Non-Default Global Settings
  5. Flow Elapsed Time
  6. Flow OS Summary
  7. Flow Log
  8. Flow Messages
  9. Flow Suppressed Messages



----------------
; Legal Notice ;
----------------
Copyright (C) 2020  Intel Corporation. All rights reserved.
Your use of Intel Corporation's design tools, logic functions 
and other software and tools, and any partner logic 
functions, and any output files from any of the foregoing 
(including device programming or simulation files), and any 
associated documentation or information are expressly subject 
to the terms and conditions of the Intel Program License 
Subscription Agreement, the Intel Quartus Prime License Agreement,
the Intel FPGA IP License Agreement, or other applicable license
agreement, including, without limitation, that your use is for
the sole purpose of programming logic devices manufactured by
Intel and sold by Intel or its authorized distributors.  Please
refer to the applicable agreement for further details, at
https://fpgasoftware.intel.com/eula.



+----------------------------------------------------------------------------------+
; Flow Summary                                                                     ;
+------------------------------------+---------------------------------------------+
; Flow Status                        ; Successful - Tue May 14 15:38:15 2024       ;
; Quartus Prime Version              ; 20.1.1 Build 720 11/11/2020 SJ Lite Edition ;
; Revision Name                      ; lab3_g29_p2_c                               ;
; Top-level Entity Name              ; lab3_g29_p2_mux_8x1                         ;
; Family                             ; MAX 10                                      ;
; Device                             ; 10M08DAF484C8G                              ;
; Timing Models                      ; Final                                       ;
; Total logic elements               ; 16 / 8,064 ( < 1 % )                        ;
;     Total combinational functions  ; 16 / 8,064 ( < 1 % )                        ;
;     Dedicated logic registers      ; 0 / 8,064 ( 0 % )                           ;
; Total registers                    ; 0                                           ;
; Total pins                         ; 38 / 250 ( 15 % )                           ;
; Total virtual pins                 ; 0                                           ;
; Total memory bits                  ; 0 / 387,072 ( 0 % )                         ;
; Embedded Multiplier 9-bit elements ; 0 / 48 ( 0 % )                              ;
; Total PLLs                         ; 0 / 2 ( 0 % )                               ;
; UFM blocks                         ; 0 / 1 ( 0 % )                               ;
; ADC blocks                         ; 0 / 1 ( 0 % )                               ;
+------------------------------------+---------------------------------------------+


+-----------------------------------------+
; Flow Settings                           ;
+-------------------+---------------------+
; Option            ; Setting             ;
+-------------------+---------------------+
; Start date & time ; 05/14/2024 15:37:52 ;
; Main task         ; Compilation         ;
; Revision Name     ; lab3_g29_p2_c       ;
+-------------------+---------------------+


+-----------------------------------------------------------------------------------------------------------------------------------------------+
; Flow Non-Default Global Settings                                                                                                              ;
+--------------------------------------+----------------------------------------+---------------+---------------------+-------------------------+
; Assignment Name                      ; Value                                  ; Default Value ; Entity Name         ; Section Id              ;
+--------------------------------------+----------------------------------------+---------------+---------------------+-------------------------+
; COMPILER_SIGNATURE_ID                ; 277302801995910.171569027214900        ; --            ; --                  ; --                      ;
; EDA_DESIGN_INSTANCE_NAME             ; NA                                     ; --            ; --                  ; tb_lab3_g29_p2_mux_8x1  ;
; EDA_DESIGN_INSTANCE_NAME             ; NA                                     ; --            ; --                  ; tb_lab3_g29_p2_mux_16x1 ;
; EDA_DESIGN_INSTANCE_NAME             ; NA                                     ; --            ; --                  ; tb_lab3_g29_p2          ;
; EDA_NATIVELINK_SIMULATION_TEST_BENCH ; tb_lab3_g29_p2_mux_8x1                 ; --            ; --                  ; eda_simulation          ;
; EDA_OUTPUT_DATA_FORMAT               ; Systemverilog Hdl                      ; --            ; --                  ; eda_simulation          ;
; EDA_SIMULATION_TOOL                  ; ModelSim-Altera (SystemVerilog)        ; <None>        ; --                  ; --                      ;
; EDA_TEST_BENCH_ENABLE_STATUS         ; TEST_BENCH_MODE                        ; --            ; --                  ; eda_simulation          ;
; EDA_TEST_BENCH_FILE                  ; tb_lab3_g29_p2_mux_8x1.sv              ; --            ; --                  ; tb_lab3_g29_p2_mux_8x1  ;
; EDA_TEST_BENCH_FILE                  ; tb_lab3_g29_p2_mux_16x1.sv             ; --            ; --                  ; tb_lab3_g29_p2_mux_16x1 ;
; EDA_TEST_BENCH_FILE                  ; tb_lab3_g29_p2.sv                      ; --            ; --                  ; tb_lab3_g29_p2          ;
; EDA_TEST_BENCH_MODULE_NAME           ; tb_lab3_g29_p2_mux_8x1                 ; --            ; --                  ; tb_lab3_g29_p2_mux_8x1  ;
; EDA_TEST_BENCH_MODULE_NAME           ; tb_lab3_g29_p2_mux_16x1                ; --            ; --                  ; tb_lab3_g29_p2_mux_16x1 ;
; EDA_TEST_BENCH_MODULE_NAME           ; tb_lab3_g29_p2                         ; --            ; --                  ; tb_lab3_g29_p2          ;
; EDA_TEST_BENCH_NAME                  ; tb_lab3_g29_p2                         ; --            ; --                  ; eda_simulation          ;
; EDA_TEST_BENCH_NAME                  ; tb_lab3_g29_p2_mux_8x1                 ; --            ; --                  ; eda_simulation          ;
; EDA_TEST_BENCH_NAME                  ; tb_lab3_g29_p2_mux_16x1                ; --            ; --                  ; eda_simulation          ;
; EDA_TIME_SCALE                       ; 1 ps                                   ; --            ; --                  ; eda_simulation          ;
; MAX_CORE_JUNCTION_TEMP               ; 85                                     ; --            ; --                  ; --                      ;
; MIN_CORE_JUNCTION_TEMP               ; 0                                      ; --            ; --                  ; --                      ;
; PARTITION_COLOR                      ; -- (Not supported for targeted family) ; --            ; lab3_g29_p2_mux_8x1 ; Top                     ;
; PARTITION_FITTER_PRESERVATION_LEVEL  ; -- (Not supported for targeted family) ; --            ; lab3_g29_p2_mux_8x1 ; Top                     ;
; PARTITION_NETLIST_TYPE               ; -- (Not supported for targeted family) ; --            ; lab3_g29_p2_mux_8x1 ; Top                     ;
; POWER_BOARD_THERMAL_MODEL            ; None (CONSERVATIVE)                    ; --            ; --                  ; --                      ;
; POWER_PRESET_COOLING_SOLUTION        ; 23 MM HEAT SINK WITH 200 LFPM AIRFLOW  ; --            ; --                  ; --                      ;
; PROJECT_OUTPUT_DIRECTORY             ; output_files                           ; --            ; --                  ; --                      ;
; TOP_LEVEL_ENTITY                     ; lab3_g29_p2_mux_8x1                    ; lab3_g29_p2_c ; --                  ; --                      ;
+--------------------------------------+----------------------------------------+---------------+---------------------+-------------------------+


+--------------------------------------------------------------------------------------------------------------------------+
; Flow Elapsed Time                                                                                                        ;
+----------------------+--------------+-------------------------+---------------------+------------------------------------+
; Module Name          ; Elapsed Time ; Average Processors Used ; Peak Virtual Memory ; Total CPU Time (on all processors) ;
+----------------------+--------------+-------------------------+---------------------+------------------------------------+
; Analysis & Synthesis ; 00:00:09     ; 1.0                     ; 4750 MB             ; 00:00:12                           ;
; Fitter               ; 00:00:04     ; 1.0                     ; 5553 MB             ; 00:00:02                           ;
; Assembler            ; 00:00:01     ; 1.0                     ; 4684 MB             ; 00:00:01                           ;
; Timing Analyzer      ; 00:00:02     ; 1.0                     ; 4783 MB             ; 00:00:01                           ;
; EDA Netlist Writer   ; 00:00:00     ; 1.0                     ; 4642 MB             ; 00:00:00                           ;
; Total                ; 00:00:16     ; --                      ; --                  ; 00:00:16                           ;
+----------------------+--------------+-------------------------+---------------------+------------------------------------+


+------------------------------------------------------------------------------------+
; Flow OS Summary                                                                    ;
+----------------------+------------------+------------+------------+----------------+
; Module Name          ; Machine Hostname ; OS Name    ; OS Version ; Processor type ;
+----------------------+------------------+------------+------------+----------------+
; Analysis & Synthesis ; DESKTOP-V3DU3O8  ; Windows 10 ; 10.0       ; x86_64         ;
; Fitter               ; DESKTOP-V3DU3O8  ; Windows 10 ; 10.0       ; x86_64         ;
; Assembler            ; DESKTOP-V3DU3O8  ; Windows 10 ; 10.0       ; x86_64         ;
; Timing Analyzer      ; DESKTOP-V3DU3O8  ; Windows 10 ; 10.0       ; x86_64         ;
; EDA Netlist Writer   ; DESKTOP-V3DU3O8  ; Windows 10 ; 10.0       ; x86_64         ;
+----------------------+------------------+------------+------------+----------------+


------------
; Flow Log ;
------------
quartus_map --read_settings_files=on --write_settings_files=off lab3_g29_p2_c -c lab3_g29_p2_c
quartus_fit --read_settings_files=off --write_settings_files=off lab3_g29_p2_c -c lab3_g29_p2_c
quartus_asm --read_settings_files=off --write_settings_files=off lab3_g29_p2_c -c lab3_g29_p2_c
quartus_sta lab3_g29_p2_c -c lab3_g29_p2_c
quartus_eda --read_settings_files=off --write_settings_files=off lab3_g29_p2_c -c lab3_g29_p2_c



